<?xml version="1.0" encoding="UTF-8"?>
<!-- Generated by org.testng.reporters.JUnitXMLReporter -->
<testsuite ignored="0" hostname="LAPTOP-5GOO969N" failures="0" tests="14" name="Test" time="0.098" errors="0" timestamp="2022-08-25T13:34:21 IST">
  <testcase classname="TestNg.Demo" name="f" time="0.009"/>
  <testcase classname="TestNg.Flag6" name="FTC1" time="0.003"/>
  <testcase classname="TestNg.Flag6" name="FTC2" time="0.002"/>
  <testcase classname="TestNg.Flag6" name="FTC3" time="0.003"/>
  <testcase classname="TestNg.Flag6" name="FTC4" time="0.002"/>
  <testcase classname="TestNg.Flag6" name="IT1" time="0.002"/>
  <testcase classname="TestNg.Flag6" name="IT2" time="0.002"/>
  <testcase classname="TestNg.Flag6" name="IT3" time="0.001"/>
  <testcase classname="TestNg.Flag6" name="IT4" time="0.002"/>
  <testcase classname="TestNg.Flag6" name="St1" time="0.002"/>
  <testcase classname="TestNg.Flag6" name="St2" time="0.001"/>
  <testcase classname="TestNg.Flag6" name="St3" time="0.001"/>
  <testcase classname="TestNg.Flag6" name="St4" time="0.006"/>
  <testcase classname="TestNg.myTest" name="f" time="0.001"/>
</testsuite> <!-- Test -->
